<?xml version="1.0" encoding="UTF-8"?>
<!-- Generated by org.testng.reporters.JUnitReportReporter -->
<testsuite hostname="DESKTOP-RTPCRIL" failures="0" tests="1" name="com.mystore.testcases.LoginPageTest" time="11.860" errors="0" timestamp="2024-01-28T01:43:13 IST" skipped="0">
  <testcase classname="com.mystore.testcases.LoginPageTest" name="loginTest" time="11.860"/>
  <system-out/>
</testsuite> <!-- com.mystore.testcases.LoginPageTest -->
