<?xml version="1.0" encoding="UTF-8"?>
<!-- Generated by org.testng.reporters.JUnitReportReporter -->
<testsuite hostname="DESKTOP-RTPCRIL" failures="0" tests="1" name="com.mystore.testcases.SearchResultPageTest" time="8.446" errors="0" timestamp="2024-01-28T02:55:10 IST" skipped="0">
  <testcase classname="com.mystore.testcases.SearchResultPageTest" name="productAvaibilityTest" time="8.446"/>
  <system-out/>
</testsuite> <!-- com.mystore.testcases.SearchResultPageTest -->
