<?xml version="1.0" encoding="UTF-8"?>
<!-- Generated by org.testng.reporters.JUnitReportReporter -->
<testsuite hostname="DESKTOP-RTPCRIL" failures="0" tests="1" name="com.mystore.testcases.EndToEndTest" time="29.565" errors="0" timestamp="2024-01-28T01:34:26 IST" skipped="0">
  <testcase classname="com.mystore.testcases.EndToEndTest" name="endToendTest" time="29.565"/>
  <system-out/>
</testsuite> <!-- com.mystore.testcases.EndToEndTest -->
