<?xml version="1.0" encoding="UTF-8"?>
<!-- Generated by org.testng.reporters.JUnitReportReporter -->
<testsuite hostname="DESKTOP-RTPCRIL" failures="0" tests="1" name="com.mystore.testcases.AddToCartPageTest" time="11.947" errors="0" timestamp="2024-01-28T01:43:13 IST" skipped="0">
  <testcase classname="com.mystore.testcases.AddToCartPageTest" name="addToCartTest" time="11.947"/>
  <system-out/>
</testsuite> <!-- com.mystore.testcases.AddToCartPageTest -->
